<?xml version="1.0" encoding="UTF-8"?>
<!-- Generated by org.testng.reporters.JUnitReportReporter -->
<testsuite skipped="3" hostname="Kents-MacBook-Pro.local" name="Runner" tests="6" failures="0" timestamp="2021-12-05T16:38:55 WIB" time="32.113" errors="0">
  <testcase name="testAddToBag" time="8.902" classname="Runner"/>
  <system-out/>
  <testcase name="testLoginWithGmail" time="17.928" classname="Runner"/>
  <system-out/>
  <testcase name="testSearchItem" time="5.283" classname="Runner"/>
  <system-out/>
  <testcase name="testRegisterWithGoogle" classname="Runner">
    <skipped/>
  </testcase> <!-- testRegisterWithGoogle -->
  <system-out/>
  <testcase name="testLoginWithFaceBook" classname="Runner">
    <skipped/>
  </testcase> <!-- testLoginWithFaceBook -->
  <system-out/>
  <testcase name="testRegisterWithFacebook" classname="Runner">
    <skipped/>
  </testcase> <!-- testRegisterWithFacebook -->
  <system-out/>
</testsuite> <!-- Runner -->
